<?xml version="1.0" encoding="UTF-8"?>
<!-- Generated by org.testng.reporters.JUnitReportReporter -->
<testsuite hostname="LAPTOP-6L82N2OA" failures="0" tests="2" name="packagebacth12.Twelveclass1" time="1.504" errors="0" timestamp="2024-02-02T11:39:18 BDT" skipped="0">
  <testcase classname="packagebacth12.Twelveclass1" name="login" time="0.440"/>
  <system-out/>
  <testcase classname="packagebacth12.Twelveclass1" name="page1" time="1.064"/>
  <system-out/>
</testsuite> <!-- packagebacth12.Twelveclass1 -->
